# JRE version: OpenJDK Runtime Environment Temurin-17.0.12+7 (17.0.12+7) (build 17.0.12+7)
# Java VM: OpenJDK 64-Bit Server VM Temurin-17.0.12+7 (17.0.12+7, mixed mode, tiered, compressed oops, compressed class ptrs, parallel gc, windows-amd64)
GC Precious Log:
 CPUs: 4 total, 4 available
 Memory: 6086M
 Large Page Support: Disabled
 NUMA Support: Disabled
 Compressed Oops: Enabled (32-bit)
 Alignments: Space 512K, Generation 512K, Heap 2M
 Heap Min Capacity: 100M
 Heap Initial Capacity: 100M
 Heap Max Capacity: 1G
 Pre-touch: Disabled
 Parallel Workers: 4
Heap:
 PSYoungGen      total 11776K, used 5119K [0x00000000eab00000, 0x00000000ebd80000, 0x0000000100000000)
  eden space 5120K, 99% used [0x00000000eab00000,0x00000000eafffff0,0x00000000eb000000)
  from space 6656K, 0% used [0x00000000eb000000,0x00000000eb000000,0x00000000eb680000)
  to   space 6656K, 0% used [0x00000000eb680000,0x00000000eb680000,0x00000000ebd00000)
 ParOldGen       total 86016K, used 85529K [0x00000000c0000000, 0x00000000c5400000, 0x00000000eab00000)
  object space 86016K, 99% used [0x00000000c0000000,0x00000000c5386620,0x00000000c5400000)
 Metaspace       used 70489K, committed 71744K, reserved 1114112K
  class space    used 7366K, committed 7872K, reserved 1048576K
GC Heap History (20 events):
Event: 49.561 GC heap before
{Heap before GC invocations=94 (full 30):
 PSYoungGen      total 11776K, used 5119K [0x00000000eab00000, 0x00000000ebd80000, 0x0000000100000000)
  eden space 5120K, 99% used [0x00000000eab00000,0x00000000eaffffe0,0x00000000eb000000)
  from space 6656K, 0% used [0x00000000eb000000,0x00000000eb000000,0x00000000eb680000)
  to   space 6656K, 0% used [0x00000000eb680000,0x00000000eb680000,0x00000000ebd00000)
 ParOldGen       total 86016K, used 85521K [0x00000000c0000000, 0x00000000c5400000, 0x00000000eab00000)
  object space 86016K, 99% used [0x00000000c0000000,0x00000000c53847c0,0x00000000c5400000)
 Metaspace       used 70462K, committed 71680K, reserved 1114112K
  class space    used 7364K, committed 7872K, reserved 1048576K
}
Event: 49.741 GC heap after
{Heap after GC invocations=94 (full 30):
 PSYoungGen      total 11776K, used 5119K [0x00000000eab00000, 0x00000000ebd80000, 0x0000000100000000)
  eden space 5120K, 99% used [0x00000000eab00000,0x00000000eaffffe0,0x00000000eb000000)
  from space 6656K, 0% used [0x00000000eb680000,0x00000000eb680000,0x00000000ebd00000)
  to   space 6656K, 0% used [0x00000000eb000000,0x00000000eb000000,0x00000000eb680000)
 ParOldGen       total 86016K, used 85521K [0x00000000c0000000, 0x00000000c5400000, 0x00000000eab00000)
  object space 86016K, 99% used [0x00000000c0000000,0x00000000c5384780,0x00000000c5400000)
 Metaspace       used 70462K, committed 71680K, reserved 1114112K
  class space    used 7364K, committed 7872K, reserved 1048576K
}
Event: 49.762 GC heap before
{Heap before GC invocations=95 (full 31):
 PSYoungGen      total 11776K, used 5119K [0x00000000eab00000, 0x00000000ebd80000, 0x0000000100000000)
  eden space 5120K, 99% used [0x00000000eab00000,0x00000000eafffff8,0x00000000eb000000)
  from space 6656K, 0% used [0x00000000eb680000,0x00000000eb680000,0x00000000ebd00000)
  to   space 6656K, 0% used [0x00000000eb000000,0x00000000eb000000,0x00000000eb680000)
 ParOldGen       total 86016K, used 85532K [0x00000000c0000000, 0x00000000c5400000, 0x00000000eab00000)
  object space 86016K, 99% used [0x00000000c0000000,0x00000000c53872a8,0x00000000c5400000)
 Metaspace       used 70463K, committed 71680K, reserved 1114112K
  class space    used 7364K, committed 7872K, reserved 1048576K
}
Event: 49.951 GC heap after
{Heap after GC invocations=95 (full 31):
 PSYoungGen      total 11776K, used 5116K [0x00000000eab00000, 0x00000000ebd80000, 0x0000000100000000)
  eden space 5120K, 99% used [0x00000000eab00000,0x00000000eafff308,0x00000000eb000000)
  from space 6656K, 0% used [0x00000000eb000000,0x00000000eb000000,0x00000000eb680000)
  to   space 6656K, 0% used [0x00000000eb680000,0x00000000eb680000,0x00000000ebd00000)
 ParOldGen       total 86016K, used 85529K [0x00000000c0000000, 0x00000000c5400000, 0x00000000eab00000)
  object space 86016K, 99% used [0x00000000c0000000,0x00000000c53866c8,0x00000000c5400000)
 Metaspace       used 70463K, committed 71680K, reserved 1114112K
  class space    used 7364K, committed 7872K, reserved 1048576K
}
Event: 49.980 GC heap before
{Heap before GC invocations=96 (full 32):
 PSYoungGen      total 11776K, used 5119K [0x00000000eab00000, 0x00000000ebd80000, 0x0000000100000000)
  eden space 5120K, 99% used [0x00000000eab00000,0x00000000eaffffd0,0x00000000eb000000)
  from space 6656K, 0% used [0x00000000eb000000,0x00000000eb000000,0x00000000eb680000)
  to   space 6656K, 0% used [0x00000000eb680000,0x00000000eb680000,0x00000000ebd00000)
 ParOldGen       total 86016K, used 85529K [0x00000000c0000000, 0x00000000c5400000, 0x00000000eab00000)
  object space 86016K, 99% used [0x00000000c0000000,0x00000000c53866c8,0x00000000c5400000)
 Metaspace       used 70463K, committed 71680K, reserved 1114112K
  class space    used 7364K, committed 7872K, reserved 1048576K
}
Event: 50.157 GC heap after
{Heap after GC invocations=96 (full 32):
 PSYoungGen      total 11776K, used 5116K [0x00000000eab00000, 0x00000000ebd80000, 0x0000000100000000)
  eden space 5120K, 99% used [0x00000000eab00000,0x00000000eafff380,0x00000000eb000000)
  from space 6656K, 0% used [0x00000000eb680000,0x00000000eb680000,0x00000000ebd00000)
  to   space 6656K, 0% used [0x00000000eb000000,0x00000000eb000000,0x00000000eb680000)
 ParOldGen       total 86016K, used 85529K [0x00000000c0000000, 0x00000000c5400000, 0x00000000eab00000)
  object space 86016K, 99% used [0x00000000c0000000,0x00000000c5386620,0x00000000c5400000)
 Metaspace       used 70463K, committed 71680K, reserved 1114112K
  class space    used 7364K, committed 7872K, reserved 1048576K
}
Event: 50.175 GC heap before
{Heap before GC invocations=97 (full 33):
 PSYoungGen      total 11776K, used 5120K [0x00000000eab00000, 0x00000000ebd80000, 0x0000000100000000)
  eden space 5120K, 100% used [0x00000000eab00000,0x00000000eb000000,0x00000000eb000000)
  from space 6656K, 0% used [0x00000000eb680000,0x00000000eb680000,0x00000000ebd00000)
  to   space 6656K, 0% used [0x00000000eb000000,0x00000000eb000000,0x00000000eb680000)
 ParOldGen       total 86016K, used 85529K [0x00000000c0000000, 0x00000000c5400000, 0x00000000eab00000)
  object space 86016K, 99% used [0x00000000c0000000,0x00000000c5386620,0x00000000c5400000)
 Metaspace       used 70463K, committed 71680K, reserved 1114112K
  class space    used 7364K, committed 7872K, reserved 1048576K
}
Event: 50.379 GC heap after
{Heap after GC invocations=97 (full 33):
 PSYoungGen      total 11776K, used 5116K [0x00000000eab00000, 0x00000000ebd80000, 0x0000000100000000)
  eden space 5120K, 99% used [0x00000000eab00000,0x00000000eafff358,0x00000000eb000000)
  from space 6656K, 0% used [0x00000000eb000000,0x00000000eb000000,0x00000000eb680000)
  to   space 6656K, 0% used [0x00000000eb680000,0x00000000eb680000,0x00000000ebd00000)
 ParOldGen       total 86016K, used 85529K [0x00000000c0000000, 0x00000000c5400000, 0x00000000eab00000)
  object space 86016K, 99% used [0x00000000c0000000,0x00000000c5386620,0x00000000c5400000)
 Metaspace       used 70463K, committed 71680K, reserved 1114112K
  class space    used 7364K, committed 7872K, reserved 1048576K
}
Event: 50.379 GC heap before
{Heap before GC invocations=98 (full 34):
 PSYoungGen      total 11776K, used 5120K [0x00000000eab00000, 0x00000000ebd80000, 0x0000000100000000)
  eden space 5120K, 100% used [0x00000000eab00000,0x00000000eb000000,0x00000000eb000000)
  from space 6656K, 0% used [0x00000000eb000000,0x00000000eb000000,0x00000000eb680000)
  to   space 6656K, 0% used [0x00000000eb680000,0x00000000eb680000,0x00000000ebd00000)
 ParOldGen       total 86016K, used 85529K [0x00000000c0000000, 0x00000000c5400000, 0x00000000eab00000)
  object space 86016K, 99% used [0x00000000c0000000,0x00000000c5386620,0x00000000c5400000)
 Metaspace       used 70463K, committed 71680K, reserved 1114112K
  class space    used 7364K, committed 7872K, reserved 1048576K
}
Event: 50.584 GC heap after
{Heap after GC invocations=98 (full 34):
 PSYoungGen      total 11776K, used 5116K [0x00000000eab00000, 0x00000000ebd80000, 0x0000000100000000)
  eden space 5120K, 99% used [0x00000000eab00000,0x00000000eafff358,0x00000000eb000000)
  from space 6656K, 0% used [0x00000000eb680000,0x00000000eb680000,0x00000000ebd00000)
  to   space 6656K, 0% used [0x00000000eb000000,0x00000000eb000000,0x00000000eb680000)
 ParOldGen       total 86016K, used 85529K [0x00000000c0000000, 0x00000000c5400000, 0x00000000eab00000)
  object space 86016K, 99% used [0x00000000c0000000,0x00000000c5386620,0x00000000c5400000)
 Metaspace       used 70463K, committed 71680K, reserved 1114112K
  class space    used 7364K, committed 7872K, reserved 1048576K
}
Event: 50.592 GC heap before
{Heap before GC invocations=99 (full 35):
 PSYoungGen      total 11776K, used 5119K [0x00000000eab00000, 0x00000000ebd80000, 0x0000000100000000)
  eden space 5120K, 99% used [0x00000000eab00000,0x00000000eafffff8,0x00000000eb000000)
  from space 6656K, 0% used [0x00000000eb680000,0x00000000eb680000,0x00000000ebd00000)
  to   space 6656K, 0% used [0x00000000eb000000,0x00000000eb000000,0x00000000eb680000)
 ParOldGen       total 86016K, used 85529K [0x00000000c0000000, 0x00000000c5400000, 0x00000000eab00000)
  object space 86016K, 99% used [0x00000000c0000000,0x00000000c5386620,0x00000000c5400000)
 Metaspace       used 70463K, committed 71680K, reserved 1114112K
  class space    used 7364K, committed 7872K, reserved 1048576K
}
Event: 50.782 GC heap after
{Heap after GC invocations=99 (full 35):
 PSYoungGen      total 11776K, used 5116K [0x00000000eab00000, 0x00000000ebd80000, 0x0000000100000000)
  eden space 5120K, 99% used [0x00000000eab00000,0x00000000eafff3d8,0x00000000eb000000)
  from space 6656K, 0% used [0x00000000eb000000,0x00000000eb000000,0x00000000eb680000)
  to   space 6656K, 0% used [0x00000000eb680000,0x00000000eb680000,0x00000000ebd00000)
 ParOldGen       total 86016K, used 85529K [0x00000000c0000000, 0x00000000c5400000, 0x00000000eab00000)
  object space 86016K, 99% used [0x00000000c0000000,0x00000000c5386620,0x00000000c5400000)
 Metaspace       used 70463K, committed 71680K, reserved 1114112K
  class space    used 7364K, committed 7872K, reserved 1048576K
}
Event: 50.792 GC heap before
{Heap before GC invocations=100 (full 36):
 PSYoungGen      total 11776K, used 5119K [0x00000000eab00000, 0x00000000ebd80000, 0x0000000100000000)
  eden space 5120K, 99% used [0x00000000eab00000,0x00000000eaffffb8,0x00000000eb000000)
  from space 6656K, 0% used [0x00000000eb000000,0x00000000eb000000,0x00000000eb680000)
  to   space 6656K, 0% used [0x00000000eb680000,0x00000000eb680000,0x00000000ebd00000)
 ParOldGen       total 86016K, used 85529K [0x00000000c0000000, 0x00000000c5400000, 0x00000000eab00000)
  object space 86016K, 99% used [0x00000000c0000000,0x00000000c5386620,0x00000000c5400000)
 Metaspace       used 70463K, committed 71680K, reserved 1114112K
  class space    used 7364K, committed 7872K, reserved 1048576K
}
Event: 50.975 GC heap after
{Heap after GC invocations=100 (full 36):
 PSYoungGen      total 11776K, used 5116K [0x00000000eab00000, 0x00000000ebd80000, 0x0000000100000000)
  eden space 5120K, 99% used [0x00000000eab00000,0x00000000eafff380,0x00000000eb000000)
  from space 6656K, 0% used [0x00000000eb680000,0x00000000eb680000,0x00000000ebd00000)
  to   space 6656K, 0% used [0x00000000eb000000,0x00000000eb000000,0x00000000eb680000)
 ParOldGen       total 86016K, used 85529K [0x00000000c0000000, 0x00000000c5400000, 0x00000000eab00000)
  object space 86016K, 99% used [0x00000000c0000000,0x00000000c5386620,0x00000000c5400000)
 Metaspace       used 70463K, committed 71680K, reserved 1114112K
  class space    used 7364K, committed 7872K, reserved 1048576K
}
Event: 50.979 GC heap before
{Heap before GC invocations=101 (full 37):
 PSYoungGen      total 11776K, used 5119K [0x00000000eab00000, 0x00000000ebd80000, 0x0000000100000000)
  eden space 5120K, 99% used [0x00000000eab00000,0x00000000eafffff8,0x00000000eb000000)
  from space 6656K, 0% used [0x00000000eb680000,0x00000000eb680000,0x00000000ebd00000)
  to   space 6656K, 0% used [0x00000000eb000000,0x00000000eb000000,0x00000000eb680000)
 ParOldGen       total 86016K, used 85529K [0x00000000c0000000, 0x00000000c5400000, 0x00000000eab00000)
  object space 86016K, 99% used [0x00000000c0000000,0x00000000c5386620,0x00000000c5400000)
 Metaspace       used 70463K, committed 71680K, reserved 1114112K
  class space    used 7364K, committed 7872K, reserved 1048576K
}
Event: 51.135 GC heap after
{Heap after GC invocations=101 (full 37):
 PSYoungGen      total 11776K, used 5116K [0x00000000eab00000, 0x00000000ebd80000, 0x0000000100000000)
  eden space 5120K, 99% used [0x00000000eab00000,0x00000000eafff380,0x00000000eb000000)
  from space 6656K, 0% used [0x00000000eb000000,0x00000000eb000000,0x00000000eb680000)
  to   space 6656K, 0% used [0x00000000eb680000,0x00000000eb680000,0x00000000ebd00000)
 ParOldGen       total 86016K, used 85529K [0x00000000c0000000, 0x00000000c5400000, 0x00000000eab00000)
  object space 86016K, 99% used [0x00000000c0000000,0x00000000c5386620,0x00000000c5400000)
 Metaspace       used 70463K, committed 71680K, reserved 1114112K
  class space    used 7364K, committed 7872K, reserved 1048576K
}
Event: 51.140 GC heap before
{Heap before GC invocations=102 (full 38):
 PSYoungGen      total 11776K, used 5119K [0x00000000eab00000, 0x00000000ebd80000, 0x0000000100000000)
  eden space 5120K, 99% used [0x00000000eab00000,0x00000000eafffff8,0x00000000eb000000)
  from space 6656K, 0% used [0x00000000eb000000,0x00000000eb000000,0x00000000eb680000)
  to   space 6656K, 0% used [0x00000000eb680000,0x00000000eb680000,0x00000000ebd00000)
 ParOldGen       total 86016K, used 85529K [0x00000000c0000000, 0x00000000c5400000, 0x00000000eab00000)
  object space 86016K, 99% used [0x00000000c0000000,0x00000000c5386620,0x00000000c5400000)
 Metaspace       used 70463K, committed 71680K, reserved 1114112K
  class space    used 7364K, committed 7872K, reserved 1048576K
}
Event: 51.300 GC heap after
{Heap after GC invocations=102 (full 38):
 PSYoungGen      total 11776K, used 5116K [0x00000000eab00000, 0x00000000ebd80000, 0x0000000100000000)
  eden space 5120K, 99% used [0x00000000eab00000,0x00000000eafff3d8,0x00000000eb000000)
  from space 6656K, 0% used [0x00000000eb680000,0x00000000eb680000,0x00000000ebd00000)
  to   space 6656K, 0% used [0x00000000eb000000,0x00000000eb000000,0x00000000eb680000)
 ParOldGen       total 86016K, used 85529K [0x00000000c0000000, 0x00000000c5400000, 0x00000000eab00000)
  object space 86016K, 99% used [0x00000000c0000000,0x00000000c5386620,0x00000000c5400000)
 Metaspace       used 70463K, committed 71680K, reserved 1114112K
  class space    used 7364K, committed 7872K, reserved 1048576K
}
Event: 51.309 GC heap before
{Heap before GC invocations=103 (full 39):
 PSYoungGen      total 11776K, used 5119K [0x00000000eab00000, 0x00000000ebd80000, 0x0000000100000000)
  eden space 5120K, 99% used [0x00000000eab00000,0x00000000eafffff8,0x00000000eb000000)
  from space 6656K, 0% used [0x00000000eb680000,0x00000000eb680000,0x00000000ebd00000)
  to   space 6656K, 0% used [0x00000000eb000000,0x00000000eb000000,0x00000000eb680000)
 ParOldGen       total 86016K, used 85529K [0x00000000c0000000, 0x00000000c5400000, 0x00000000eab00000)
  object space 86016K, 99% used [0x00000000c0000000,0x00000000c5386620,0x00000000c5400000)
 Metaspace       used 70463K, committed 71680K, reserved 1114112K
  class space    used 7364K, committed 7872K, reserved 1048576K
}
Event: 51.476 GC heap after
{Heap after GC invocations=103 (full 39):
 PSYoungGen      total 11776K, used 5116K [0x00000000eab00000, 0x00000000ebd80000, 0x0000000100000000)
  eden space 5120K, 99% used [0x00000000eab00000,0x00000000eafff380,0x00000000eb000000)
  from space 6656K, 0% used [0x00000000eb000000,0x00000000eb000000,0x00000000eb680000)
  to   space 6656K, 0% used [0x00000000eb680000,0x00000000eb680000,0x00000000ebd00000)
 ParOldGen       total 86016K, used 85529K [0x00000000c0000000, 0x00000000c5400000, 0x00000000eab00000)
  object space 86016K, 99% used [0x00000000c0000000,0x00000000c5386620,0x00000000c5400000)
 Metaspace       used 70463K, committed 71680K, reserved 1114112K
  class space    used 7364K, committed 7872K, reserved 1048576K
}

