# JRE version: OpenJDK Runtime Environment Temurin-17.0.12+7 (17.0.12+7) (build 17.0.12+7)
# Java VM: OpenJDK 64-Bit Server VM Temurin-17.0.12+7 (17.0.12+7, mixed mode, tiered, compressed oops, compressed class ptrs, parallel gc, windows-amd64)
GC Precious Log:
 CPUs: 4 total, 4 available
 Memory: 6086M
 Large Page Support: Disabled
 NUMA Support: Disabled
 Compressed Oops: Enabled (32-bit)
 Alignments: Space 512K, Generation 512K, Heap 2M
 Heap Min Capacity: 100M
 Heap Initial Capacity: 100M
 Heap Max Capacity: 1G
 Pre-touch: Disabled
 Parallel Workers: 4
Heap:
 PSYoungGen      total 22528K, used 21458K [0x00000000eab00000, 0x00000000ec480000, 0x0000000100000000)
  eden space 20992K, 95% used [0x00000000eab00000,0x00000000ebe8e380,0x00000000ebf80000)
  from space 1536K, 93% used [0x00000000ec300000,0x00000000ec466868,0x00000000ec480000)
  to   space 2048K, 0% used [0x00000000ec080000,0x00000000ec080000,0x00000000ec280000)
 ParOldGen       total 68608K, used 39566K [0x00000000c0000000, 0x00000000c4300000, 0x00000000eab00000)
  object space 68608K, 57% used [0x00000000c0000000,0x00000000c26a3b30,0x00000000c4300000)
 Metaspace       used 57449K, committed 58560K, reserved 1114112K
  class space    used 6161K, committed 6656K, reserved 1048576K
GC Heap History (20 events):
Event: 21.436 GC heap before
{Heap before GC invocations=19 (full 2):
 PSYoungGen      total 22528K, used 22528K [0x00000000eab00000, 0x00000000ec680000, 0x0000000100000000)
  eden space 22016K, 100% used [0x00000000eab00000,0x00000000ec080000,0x00000000ec080000)
  from space 512K, 100% used [0x00000000ec600000,0x00000000ec680000,0x00000000ec680000)
  to   space 2048K, 0% used [0x00000000ec280000,0x00000000ec280000,0x00000000ec480000)
 ParOldGen       total 68608K, used 19383K [0x00000000c0000000, 0x00000000c4300000, 0x00000000eab00000)
  object space 68608K, 28% used [0x00000000c0000000,0x00000000c12ede20,0x00000000c4300000)
 Metaspace       used 51362K, committed 52352K, reserved 1114112K
  class space    used 5537K, committed 5952K, reserved 1048576K
}
Event: 21.441 GC heap after
{Heap after GC invocations=19 (full 2):
 PSYoungGen      total 24064K, used 2043K [0x00000000eab00000, 0x00000000ec680000, 0x0000000100000000)
  eden space 22016K, 0% used [0x00000000eab00000,0x00000000eab00000,0x00000000ec080000)
  from space 2048K, 99% used [0x00000000ec280000,0x00000000ec47ee30,0x00000000ec480000)
  to   space 2048K, 0% used [0x00000000ec480000,0x00000000ec480000,0x00000000ec680000)
 ParOldGen       total 68608K, used 19962K [0x00000000c0000000, 0x00000000c4300000, 0x00000000eab00000)
  object space 68608K, 29% used [0x00000000c0000000,0x00000000c137e990,0x00000000c4300000)
 Metaspace       used 51362K, committed 52352K, reserved 1114112K
  class space    used 5537K, committed 5952K, reserved 1048576K
}
Event: 22.698 GC heap before
{Heap before GC invocations=20 (full 2):
 PSYoungGen      total 24064K, used 24059K [0x00000000eab00000, 0x00000000ec680000, 0x0000000100000000)
  eden space 22016K, 100% used [0x00000000eab00000,0x00000000ec080000,0x00000000ec080000)
  from space 2048K, 99% used [0x00000000ec280000,0x00000000ec47ee30,0x00000000ec480000)
  to   space 2048K, 0% used [0x00000000ec480000,0x00000000ec480000,0x00000000ec680000)
 ParOldGen       total 68608K, used 19962K [0x00000000c0000000, 0x00000000c4300000, 0x00000000eab00000)
  object space 68608K, 29% used [0x00000000c0000000,0x00000000c137e990,0x00000000c4300000)
 Metaspace       used 53065K, committed 54144K, reserved 1114112K
  class space    used 5703K, committed 6208K, reserved 1048576K
}
Event: 22.707 GC heap after
{Heap after GC invocations=20 (full 2):
 PSYoungGen      total 24064K, used 1840K [0x00000000eab00000, 0x00000000ec680000, 0x0000000100000000)
  eden space 22016K, 0% used [0x00000000eab00000,0x00000000eab00000,0x00000000ec080000)
  from space 2048K, 89% used [0x00000000ec480000,0x00000000ec64c050,0x00000000ec680000)
  to   space 2560K, 0% used [0x00000000ec180000,0x00000000ec180000,0x00000000ec400000)
 ParOldGen       total 68608K, used 21916K [0x00000000c0000000, 0x00000000c4300000, 0x00000000eab00000)
  object space 68608K, 31% used [0x00000000c0000000,0x00000000c1567098,0x00000000c4300000)
 Metaspace       used 53065K, committed 54144K, reserved 1114112K
  class space    used 5703K, committed 6208K, reserved 1048576K
}
Event: 23.266 GC heap before
{Heap before GC invocations=21 (full 2):
 PSYoungGen      total 24064K, used 23856K [0x00000000eab00000, 0x00000000ec680000, 0x0000000100000000)
  eden space 22016K, 100% used [0x00000000eab00000,0x00000000ec080000,0x00000000ec080000)
  from space 2048K, 89% used [0x00000000ec480000,0x00000000ec64c050,0x00000000ec680000)
  to   space 2560K, 0% used [0x00000000ec180000,0x00000000ec180000,0x00000000ec400000)
 ParOldGen       total 68608K, used 21916K [0x00000000c0000000, 0x00000000c4300000, 0x00000000eab00000)
  object space 68608K, 31% used [0x00000000c0000000,0x00000000c1567098,0x00000000c4300000)
 Metaspace       used 53242K, committed 54272K, reserved 1114112K
  class space    used 5721K, committed 6208K, reserved 1048576K
}
Event: 23.281 GC heap after
{Heap after GC invocations=21 (full 2):
 PSYoungGen      total 24576K, used 2176K [0x00000000eab00000, 0x00000000ec580000, 0x0000000100000000)
  eden space 22016K, 0% used [0x00000000eab00000,0x00000000eab00000,0x00000000ec080000)
  from space 2560K, 85% used [0x00000000ec180000,0x00000000ec3a0010,0x00000000ec400000)
  to   space 1536K, 0% used [0x00000000ec400000,0x00000000ec400000,0x00000000ec580000)
 ParOldGen       total 68608K, used 23653K [0x00000000c0000000, 0x00000000c4300000, 0x00000000eab00000)
  object space 68608K, 34% used [0x00000000c0000000,0x00000000c1719480,0x00000000c4300000)
 Metaspace       used 53242K, committed 54272K, reserved 1114112K
  class space    used 5721K, committed 6208K, reserved 1048576K
}
Event: 23.464 GC heap before
{Heap before GC invocations=22 (full 2):
 PSYoungGen      total 24576K, used 24192K [0x00000000eab00000, 0x00000000ec580000, 0x0000000100000000)
  eden space 22016K, 100% used [0x00000000eab00000,0x00000000ec080000,0x00000000ec080000)
  from space 2560K, 85% used [0x00000000ec180000,0x00000000ec3a0010,0x00000000ec400000)
  to   space 1536K, 0% used [0x00000000ec400000,0x00000000ec400000,0x00000000ec580000)
 ParOldGen       total 68608K, used 23653K [0x00000000c0000000, 0x00000000c4300000, 0x00000000eab00000)
  object space 68608K, 34% used [0x00000000c0000000,0x00000000c1719480,0x00000000c4300000)
 Metaspace       used 53337K, committed 54400K, reserved 1114112K
  class space    used 5729K, committed 6208K, reserved 1048576K
}
Event: 23.471 GC heap after
{Heap after GC invocations=22 (full 2):
 PSYoungGen      total 22528K, used 1504K [0x00000000eab00000, 0x00000000ec980000, 0x0000000100000000)
  eden space 20992K, 0% used [0x00000000eab00000,0x00000000eab00000,0x00000000ebf80000)
  from space 1536K, 97% used [0x00000000ec400000,0x00000000ec578030,0x00000000ec580000)
  to   space 4608K, 0% used [0x00000000ebf80000,0x00000000ebf80000,0x00000000ec400000)
 ParOldGen       total 68608K, used 26069K [0x00000000c0000000, 0x00000000c4300000, 0x00000000eab00000)
  object space 68608K, 37% used [0x00000000c0000000,0x00000000c1975480,0x00000000c4300000)
 Metaspace       used 53337K, committed 54400K, reserved 1114112K
  class space    used 5729K, committed 6208K, reserved 1048576K
}
Event: 23.630 GC heap before
{Heap before GC invocations=23 (full 2):
 PSYoungGen      total 22528K, used 22496K [0x00000000eab00000, 0x00000000ec980000, 0x0000000100000000)
  eden space 20992K, 100% used [0x00000000eab00000,0x00000000ebf80000,0x00000000ebf80000)
  from space 1536K, 97% used [0x00000000ec400000,0x00000000ec578030,0x00000000ec580000)
  to   space 4608K, 0% used [0x00000000ebf80000,0x00000000ebf80000,0x00000000ec400000)
 ParOldGen       total 68608K, used 26069K [0x00000000c0000000, 0x00000000c4300000, 0x00000000eab00000)
  object space 68608K, 37% used [0x00000000c0000000,0x00000000c1975480,0x00000000c4300000)
 Metaspace       used 53464K, committed 54528K, reserved 1114112K
  class space    used 5743K, committed 6208K, reserved 1048576K
}
Event: 23.634 GC heap after
{Heap after GC invocations=23 (full 2):
 PSYoungGen      total 23552K, used 2477K [0x00000000eab00000, 0x00000000ec580000, 0x0000000100000000)
  eden space 20992K, 0% used [0x00000000eab00000,0x00000000eab00000,0x00000000ebf80000)
  from space 2560K, 96% used [0x00000000ebf80000,0x00000000ec1eb510,0x00000000ec200000)
  to   space 3072K, 0% used [0x00000000ec280000,0x00000000ec280000,0x00000000ec580000)
 ParOldGen       total 68608K, used 27365K [0x00000000c0000000, 0x00000000c4300000, 0x00000000eab00000)
  object space 68608K, 39% used [0x00000000c0000000,0x00000000c1ab94f0,0x00000000c4300000)
 Metaspace       used 53464K, committed 54528K, reserved 1114112K
  class space    used 5743K, committed 6208K, reserved 1048576K
}
Event: 23.732 GC heap before
{Heap before GC invocations=24 (full 2):
 PSYoungGen      total 23552K, used 23469K [0x00000000eab00000, 0x00000000ec580000, 0x0000000100000000)
  eden space 20992K, 100% used [0x00000000eab00000,0x00000000ebf80000,0x00000000ebf80000)
  from space 2560K, 96% used [0x00000000ebf80000,0x00000000ec1eb510,0x00000000ec200000)
  to   space 3072K, 0% used [0x00000000ec280000,0x00000000ec280000,0x00000000ec580000)
 ParOldGen       total 68608K, used 27365K [0x00000000c0000000, 0x00000000c4300000, 0x00000000eab00000)
  object space 68608K, 39% used [0x00000000c0000000,0x00000000c1ab94f0,0x00000000c4300000)
 Metaspace       used 53569K, committed 54592K, reserved 1114112K
  class space    used 5745K, committed 6208K, reserved 1048576K
}
Event: 23.744 GC heap after
{Heap after GC invocations=24 (full 2):
 PSYoungGen      total 23040K, used 1861K [0x00000000eab00000, 0x00000000ec480000, 0x0000000100000000)
  eden space 20992K, 0% used [0x00000000eab00000,0x00000000eab00000,0x00000000ebf80000)
  from space 2048K, 90% used [0x00000000ec280000,0x00000000ec4516f0,0x00000000ec480000)
  to   space 2560K, 0% used [0x00000000ebf80000,0x00000000ebf80000,0x00000000ec200000)
 ParOldGen       total 68608K, used 29610K [0x00000000c0000000, 0x00000000c4300000, 0x00000000eab00000)
  object space 68608K, 43% used [0x00000000c0000000,0x00000000c1ceaa00,0x00000000c4300000)
 Metaspace       used 53569K, committed 54592K, reserved 1114112K
  class space    used 5745K, committed 6208K, reserved 1048576K
}
Event: 23.929 GC heap before
{Heap before GC invocations=25 (full 2):
 PSYoungGen      total 23040K, used 22853K [0x00000000eab00000, 0x00000000ec480000, 0x0000000100000000)
  eden space 20992K, 100% used [0x00000000eab00000,0x00000000ebf80000,0x00000000ebf80000)
  from space 2048K, 90% used [0x00000000ec280000,0x00000000ec4516f0,0x00000000ec480000)
  to   space 2560K, 0% used [0x00000000ebf80000,0x00000000ebf80000,0x00000000ec200000)
 ParOldGen       total 68608K, used 29610K [0x00000000c0000000, 0x00000000c4300000, 0x00000000eab00000)
  object space 68608K, 43% used [0x00000000c0000000,0x00000000c1ceaa00,0x00000000c4300000)
 Metaspace       used 53680K, committed 54720K, reserved 1114112K
  class space    used 5760K, committed 6208K, reserved 1048576K
}
Event: 23.947 GC heap after
{Heap after GC invocations=25 (full 2):
 PSYoungGen      total 23552K, used 2541K [0x00000000eab00000, 0x00000000eca80000, 0x0000000100000000)
  eden space 20992K, 0% used [0x00000000eab00000,0x00000000eab00000,0x00000000ebf80000)
  from space 2560K, 99% used [0x00000000ebf80000,0x00000000ec1fb510,0x00000000ec200000)
  to   space 5632K, 0% used [0x00000000ec500000,0x00000000ec500000,0x00000000eca80000)
 ParOldGen       total 68608K, used 31896K [0x00000000c0000000, 0x00000000c4300000, 0x00000000eab00000)
  object space 68608K, 46% used [0x00000000c0000000,0x00000000c1f26290,0x00000000c4300000)
 Metaspace       used 53680K, committed 54720K, reserved 1114112K
  class space    used 5760K, committed 6208K, reserved 1048576K
}
Event: 24.367 GC heap before
{Heap before GC invocations=26 (full 2):
 PSYoungGen      total 23552K, used 23499K [0x00000000eab00000, 0x00000000eca80000, 0x0000000100000000)
  eden space 20992K, 99% used [0x00000000eab00000,0x00000000ebf77930,0x00000000ebf80000)
  from space 2560K, 99% used [0x00000000ebf80000,0x00000000ec1fb510,0x00000000ec200000)
  to   space 5632K, 0% used [0x00000000ec500000,0x00000000ec500000,0x00000000eca80000)
 ParOldGen       total 68608K, used 31896K [0x00000000c0000000, 0x00000000c4300000, 0x00000000eab00000)
  object space 68608K, 46% used [0x00000000c0000000,0x00000000c1f26290,0x00000000c4300000)
 Metaspace       used 53914K, committed 54976K, reserved 1114112K
  class space    used 5777K, committed 6272K, reserved 1048576K
}
Event: 24.386 GC heap after
{Heap after GC invocations=26 (full 2):
 PSYoungGen      total 25088K, used 4074K [0x00000000eab00000, 0x00000000ec900000, 0x0000000100000000)
  eden space 20992K, 0% used [0x00000000eab00000,0x00000000eab00000,0x00000000ebf80000)
  from space 4096K, 99% used [0x00000000ec500000,0x00000000ec8faa50,0x00000000ec900000)
  to   space 4608K, 0% used [0x00000000ec000000,0x00000000ec000000,0x00000000ec480000)
 ParOldGen       total 68608K, used 34429K [0x00000000c0000000, 0x00000000c4300000, 0x00000000eab00000)
  object space 68608K, 50% used [0x00000000c0000000,0x00000000c219f7a0,0x00000000c4300000)
 Metaspace       used 53914K, committed 54976K, reserved 1114112K
  class space    used 5777K, committed 6272K, reserved 1048576K
}
Event: 25.432 GC heap before
{Heap before GC invocations=27 (full 2):
 PSYoungGen      total 25088K, used 25066K [0x00000000eab00000, 0x00000000ec900000, 0x0000000100000000)
  eden space 20992K, 100% used [0x00000000eab00000,0x00000000ebf80000,0x00000000ebf80000)
  from space 4096K, 99% used [0x00000000ec500000,0x00000000ec8faa50,0x00000000ec900000)
  to   space 4608K, 0% used [0x00000000ec000000,0x00000000ec000000,0x00000000ec480000)
 ParOldGen       total 68608K, used 34429K [0x00000000c0000000, 0x00000000c4300000, 0x00000000eab00000)
  object space 68608K, 50% used [0x00000000c0000000,0x00000000c219f7a0,0x00000000c4300000)
 Metaspace       used 56395K, committed 57536K, reserved 1114112K
  class space    used 6031K, committed 6528K, reserved 1048576K
}
Event: 25.450 GC heap after
{Heap after GC invocations=27 (full 2):
 PSYoungGen      total 22528K, used 1286K [0x00000000eab00000, 0x00000000ec580000, 0x0000000100000000)
  eden space 20992K, 0% used [0x00000000eab00000,0x00000000eab00000,0x00000000ebf80000)
  from space 1536K, 83% used [0x00000000ec000000,0x00000000ec141b18,0x00000000ec180000)
  to   space 2560K, 0% used [0x00000000ec300000,0x00000000ec300000,0x00000000ec580000)
 ParOldGen       total 68608K, used 38381K [0x00000000c0000000, 0x00000000c4300000, 0x00000000eab00000)
  object space 68608K, 55% used [0x00000000c0000000,0x00000000c257b410,0x00000000c4300000)
 Metaspace       used 56395K, committed 57536K, reserved 1114112K
  class space    used 6031K, committed 6528K, reserved 1048576K
}
Event: 26.633 GC heap before
{Heap before GC invocations=28 (full 2):
 PSYoungGen      total 22528K, used 22278K [0x00000000eab00000, 0x00000000ec580000, 0x0000000100000000)
  eden space 20992K, 100% used [0x00000000eab00000,0x00000000ebf80000,0x00000000ebf80000)
  from space 1536K, 83% used [0x00000000ec000000,0x00000000ec141b18,0x00000000ec180000)
  to   space 2560K, 0% used [0x00000000ec300000,0x00000000ec300000,0x00000000ec580000)
 ParOldGen       total 68608K, used 38381K [0x00000000c0000000, 0x00000000c4300000, 0x00000000eab00000)
  object space 68608K, 55% used [0x00000000c0000000,0x00000000c257b410,0x00000000c4300000)
 Metaspace       used 56762K, committed 57856K, reserved 1114112K
  class space    used 6099K, committed 6592K, reserved 1048576K
}
Event: 26.642 GC heap after
{Heap after GC invocations=28 (full 2):
 PSYoungGen      total 22528K, used 1434K [0x00000000eab00000, 0x00000000ec480000, 0x0000000100000000)
  eden space 20992K, 0% used [0x00000000eab00000,0x00000000eab00000,0x00000000ebf80000)
  from space 1536K, 93% used [0x00000000ec300000,0x00000000ec466868,0x00000000ec480000)
  to   space 2048K, 0% used [0x00000000ec080000,0x00000000ec080000,0x00000000ec280000)
 ParOldGen       total 68608K, used 39566K [0x00000000c0000000, 0x00000000c4300000, 0x00000000eab00000)
  object space 68608K, 57% used [0x00000000c0000000,0x00000000c26a3b30,0x00000000c4300000)
 Metaspace       used 56762K, committed 57856K, reserved 1114112K
  class space    used 6099K, committed 6592K, reserved 1048576K
}

