# JRE version: OpenJDK Runtime Environment Temurin-17.0.12+7 (17.0.12+7) (build 17.0.12+7)
# Java VM: OpenJDK 64-Bit Server VM Temurin-17.0.12+7 (17.0.12+7, mixed mode, tiered, compressed oops, compressed class ptrs, parallel gc, windows-amd64)
GC Precious Log:
 CPUs: 4 total, 4 available
 Memory: 6086M
 Large Page Support: Disabled
 NUMA Support: Disabled
 Compressed Oops: Enabled (32-bit)
 Alignments: Space 512K, Generation 512K, Heap 2M
 Heap Min Capacity: 100M
 Heap Initial Capacity: 100M
 Heap Max Capacity: 1G
 Pre-touch: Disabled
 Parallel Workers: 4
Heap:
 PSYoungGen      total 16384K, used 11175K [0x00000000eab00000, 0x00000000ebf80000, 0x0000000100000000)
  eden space 12800K, 87% used [0x00000000eab00000,0x00000000eb5e9e48,0x00000000eb780000)
  from space 3584K, 0% used [0x00000000eb780000,0x00000000eb780000,0x00000000ebb00000)
  to   space 3072K, 0% used [0x00000000ebb80000,0x00000000ebb80000,0x00000000ebe80000)
 ParOldGen       total 224256K, used 223850K [0x00000000c0000000, 0x00000000cdb00000, 0x00000000eab00000)
  object space 224256K, 99% used [0x00000000c0000000,0x00000000cda9aae0,0x00000000cdb00000)
 Metaspace       used 79443K, committed 80832K, reserved 1179648K
  class space    used 8374K, committed 9024K, reserved 1048576K
GC Heap History (20 events):
Event: 69.716 GC heap before
{Heap before GC invocations=445 (full 14):
 PSYoungGen      total 13312K, used 12813K [0x00000000eab00000, 0x00000000ebe80000, 0x0000000100000000)
  eden space 8704K, 100% used [0x00000000eab00000,0x00000000eb380000,0x00000000eb380000)
  from space 4608K, 89% used [0x00000000eb380000,0x00000000eb783798,0x00000000eb800000)
  to   space 5632K, 0% used [0x00000000eb900000,0x00000000eb900000,0x00000000ebe80000)
 ParOldGen       total 224256K, used 207873K [0x00000000c0000000, 0x00000000cdb00000, 0x00000000eab00000)
  object space 224256K, 92% used [0x00000000c0000000,0x00000000ccb004e8,0x00000000cdb00000)
 Metaspace       used 79348K, committed 80768K, reserved 1179648K
  class space    used 8363K, committed 9024K, reserved 1048576K
}
Event: 69.731 GC heap after
{Heap after GC invocations=445 (full 14):
 PSYoungGen      total 14336K, used 5254K [0x00000000eab00000, 0x00000000ebe80000, 0x0000000100000000)
  eden space 8704K, 0% used [0x00000000eab00000,0x00000000eab00000,0x00000000eb380000)
  from space 5632K, 93% used [0x00000000eb900000,0x00000000ebe21820,0x00000000ebe80000)
  to   space 5632K, 0% used [0x00000000eb380000,0x00000000eb380000,0x00000000eb900000)
 ParOldGen       total 224256K, used 211329K [0x00000000c0000000, 0x00000000cdb00000, 0x00000000eab00000)
  object space 224256K, 94% used [0x00000000c0000000,0x00000000cce604f0,0x00000000cdb00000)
 Metaspace       used 79348K, committed 80768K, reserved 1179648K
  class space    used 8363K, committed 9024K, reserved 1048576K
}
Event: 69.768 GC heap before
{Heap before GC invocations=446 (full 14):
 PSYoungGen      total 14336K, used 13958K [0x00000000eab00000, 0x00000000ebe80000, 0x0000000100000000)
  eden space 8704K, 100% used [0x00000000eab00000,0x00000000eb380000,0x00000000eb380000)
  from space 5632K, 93% used [0x00000000eb900000,0x00000000ebe21820,0x00000000ebe80000)
  to   space 5632K, 0% used [0x00000000eb380000,0x00000000eb380000,0x00000000eb900000)
 ParOldGen       total 224256K, used 211329K [0x00000000c0000000, 0x00000000cdb00000, 0x00000000eab00000)
  object space 224256K, 94% used [0x00000000c0000000,0x00000000cce604f0,0x00000000cdb00000)
 Metaspace       used 79348K, committed 80768K, reserved 1179648K
  class space    used 8363K, committed 9024K, reserved 1048576K
}
Event: 69.776 GC heap after
{Heap after GC invocations=446 (full 14):
 PSYoungGen      total 14336K, used 5626K [0x00000000eab00000, 0x00000000ec280000, 0x0000000100000000)
  eden space 8704K, 0% used [0x00000000eab00000,0x00000000eab00000,0x00000000eb380000)
  from space 5632K, 99% used [0x00000000eb380000,0x00000000eb8fe9f0,0x00000000eb900000)
  to   space 7680K, 0% used [0x00000000ebb00000,0x00000000ebb00000,0x00000000ec280000)
 ParOldGen       total 224256K, used 212667K [0x00000000c0000000, 0x00000000cdb00000, 0x00000000eab00000)
  object space 224256K, 94% used [0x00000000c0000000,0x00000000ccfaec90,0x00000000cdb00000)
 Metaspace       used 79348K, committed 80768K, reserved 1179648K
  class space    used 8363K, committed 9024K, reserved 1048576K
}
Event: 69.816 GC heap before
{Heap before GC invocations=447 (full 14):
 PSYoungGen      total 14336K, used 14330K [0x00000000eab00000, 0x00000000ec280000, 0x0000000100000000)
  eden space 8704K, 100% used [0x00000000eab00000,0x00000000eb380000,0x00000000eb380000)
  from space 5632K, 99% used [0x00000000eb380000,0x00000000eb8fe9f0,0x00000000eb900000)
  to   space 7680K, 0% used [0x00000000ebb00000,0x00000000ebb00000,0x00000000ec280000)
 ParOldGen       total 224256K, used 212667K [0x00000000c0000000, 0x00000000cdb00000, 0x00000000eab00000)
  object space 224256K, 94% used [0x00000000c0000000,0x00000000ccfaec90,0x00000000cdb00000)
 Metaspace       used 79348K, committed 80768K, reserved 1179648K
  class space    used 8363K, committed 9024K, reserved 1048576K
}
Event: 69.827 GC heap after
{Heap after GC invocations=447 (full 14):
 PSYoungGen      total 15360K, used 4379K [0x00000000eab00000, 0x00000000ec000000, 0x0000000100000000)
  eden space 10240K, 0% used [0x00000000eab00000,0x00000000eab00000,0x00000000eb500000)
  from space 5120K, 85% used [0x00000000ebb00000,0x00000000ebf46fe0,0x00000000ec000000)
  to   space 5632K, 0% used [0x00000000eb500000,0x00000000eb500000,0x00000000eba80000)
 ParOldGen       total 224256K, used 215964K [0x00000000c0000000, 0x00000000cdb00000, 0x00000000eab00000)
  object space 224256K, 96% used [0x00000000c0000000,0x00000000cd2e7300,0x00000000cdb00000)
 Metaspace       used 79348K, committed 80768K, reserved 1179648K
  class space    used 8363K, committed 9024K, reserved 1048576K
}
Event: 69.877 GC heap before
{Heap before GC invocations=448 (full 14):
 PSYoungGen      total 15360K, used 14619K [0x00000000eab00000, 0x00000000ec000000, 0x0000000100000000)
  eden space 10240K, 100% used [0x00000000eab00000,0x00000000eb500000,0x00000000eb500000)
  from space 5120K, 85% used [0x00000000ebb00000,0x00000000ebf46fe0,0x00000000ec000000)
  to   space 5632K, 0% used [0x00000000eb500000,0x00000000eb500000,0x00000000eba80000)
 ParOldGen       total 224256K, used 215964K [0x00000000c0000000, 0x00000000cdb00000, 0x00000000eab00000)
  object space 224256K, 96% used [0x00000000c0000000,0x00000000cd2e7300,0x00000000cdb00000)
 Metaspace       used 79348K, committed 80768K, reserved 1179648K
  class space    used 8363K, committed 9024K, reserved 1048576K
}
Event: 69.887 GC heap after
{Heap after GC invocations=448 (full 14):
 PSYoungGen      total 15872K, used 4414K [0x00000000eab00000, 0x00000000ebf80000, 0x0000000100000000)
  eden space 10240K, 0% used [0x00000000eab00000,0x00000000eab00000,0x00000000eb500000)
  from space 5632K, 78% used [0x00000000eb500000,0x00000000eb94f950,0x00000000eba80000)
  to   space 4608K, 0% used [0x00000000ebb00000,0x00000000ebb00000,0x00000000ebf80000)
 ParOldGen       total 224256K, used 218145K [0x00000000c0000000, 0x00000000cdb00000, 0x00000000eab00000)
  object space 224256K, 97% used [0x00000000c0000000,0x00000000cd5085c8,0x00000000cdb00000)
 Metaspace       used 79348K, committed 80768K, reserved 1179648K
  class space    used 8363K, committed 9024K, reserved 1048576K
}
Event: 69.931 GC heap before
{Heap before GC invocations=449 (full 14):
 PSYoungGen      total 15872K, used 14654K [0x00000000eab00000, 0x00000000ebf80000, 0x0000000100000000)
  eden space 10240K, 100% used [0x00000000eab00000,0x00000000eb500000,0x00000000eb500000)
  from space 5632K, 78% used [0x00000000eb500000,0x00000000eb94f950,0x00000000eba80000)
  to   space 4608K, 0% used [0x00000000ebb00000,0x00000000ebb00000,0x00000000ebf80000)
 ParOldGen       total 224256K, used 218145K [0x00000000c0000000, 0x00000000cdb00000, 0x00000000eab00000)
  object space 224256K, 97% used [0x00000000c0000000,0x00000000cd5085c8,0x00000000cdb00000)
 Metaspace       used 79348K, committed 80768K, reserved 1179648K
  class space    used 8363K, committed 9024K, reserved 1048576K
}
Event: 69.942 GC heap after
{Heap after GC invocations=449 (full 14):
 PSYoungGen      total 14336K, used 2482K [0x00000000eab00000, 0x00000000ebd80000, 0x0000000100000000)
  eden space 11776K, 0% used [0x00000000eab00000,0x00000000eab00000,0x00000000eb680000)
  from space 2560K, 96% used [0x00000000ebb00000,0x00000000ebd6c8b0,0x00000000ebd80000)
  to   space 3584K, 0% used [0x00000000eb680000,0x00000000eb680000,0x00000000eba00000)
 ParOldGen       total 224256K, used 222375K [0x00000000c0000000, 0x00000000cdb00000, 0x00000000eab00000)
  object space 224256K, 99% used [0x00000000c0000000,0x00000000cd929ec0,0x00000000cdb00000)
 Metaspace       used 79348K, committed 80768K, reserved 1179648K
  class space    used 8363K, committed 9024K, reserved 1048576K
}
Event: 69.942 GC heap before
{Heap before GC invocations=450 (full 15):
 PSYoungGen      total 14336K, used 2482K [0x00000000eab00000, 0x00000000ebd80000, 0x0000000100000000)
  eden space 11776K, 0% used [0x00000000eab00000,0x00000000eab00000,0x00000000eb680000)
  from space 2560K, 96% used [0x00000000ebb00000,0x00000000ebd6c8b0,0x00000000ebd80000)
  to   space 3584K, 0% used [0x00000000eb680000,0x00000000eb680000,0x00000000eba00000)
 ParOldGen       total 224256K, used 222375K [0x00000000c0000000, 0x00000000cdb00000, 0x00000000eab00000)
  object space 224256K, 99% used [0x00000000c0000000,0x00000000cd929ec0,0x00000000cdb00000)
 Metaspace       used 79348K, committed 80768K, reserved 1179648K
  class space    used 8363K, committed 9024K, reserved 1048576K
}
Event: 70.293 GC heap after
{Heap after GC invocations=450 (full 15):
 PSYoungGen      total 15360K, used 0K [0x00000000eab00000, 0x00000000ebf00000, 0x0000000100000000)
  eden space 11776K, 0% used [0x00000000eab00000,0x00000000eab00000,0x00000000eb680000)
  from space 3584K, 0% used [0x00000000eb680000,0x00000000eb680000,0x00000000eba00000)
  to   space 3584K, 0% used [0x00000000ebb80000,0x00000000ebb80000,0x00000000ebf00000)
 ParOldGen       total 224256K, used 221055K [0x00000000c0000000, 0x00000000cdb00000, 0x00000000eab00000)
  object space 224256K, 98% used [0x00000000c0000000,0x00000000cd7dfef8,0x00000000cdb00000)
 Metaspace       used 79348K, committed 80768K, reserved 1179648K
  class space    used 8363K, committed 9024K, reserved 1048576K
}
Event: 70.376 GC heap before
{Heap before GC invocations=451 (full 16):
 PSYoungGen      total 15360K, used 11776K [0x00000000eab00000, 0x00000000ebf00000, 0x0000000100000000)
  eden space 11776K, 100% used [0x00000000eab00000,0x00000000eb680000,0x00000000eb680000)
  from space 3584K, 0% used [0x00000000eb680000,0x00000000eb680000,0x00000000eba00000)
  to   space 3584K, 0% used [0x00000000ebb80000,0x00000000ebb80000,0x00000000ebf00000)
 ParOldGen       total 224256K, used 221055K [0x00000000c0000000, 0x00000000cdb00000, 0x00000000eab00000)
  object space 224256K, 98% used [0x00000000c0000000,0x00000000cd7dfef8,0x00000000cdb00000)
 Metaspace       used 79412K, committed 80832K, reserved 1179648K
  class space    used 8369K, committed 9024K, reserved 1048576K
}
Event: 70.866 GC heap after
{Heap after GC invocations=451 (full 16):
 PSYoungGen      total 15872K, used 0K [0x00000000eab00000, 0x00000000ebe80000, 0x0000000100000000)
  eden space 12800K, 0% used [0x00000000eab00000,0x00000000eab00000,0x00000000eb780000)
  from space 3072K, 0% used [0x00000000ebb80000,0x00000000ebb80000,0x00000000ebe80000)
  to   space 3584K, 0% used [0x00000000eb780000,0x00000000eb780000,0x00000000ebb00000)
 ParOldGen       total 224256K, used 223003K [0x00000000c0000000, 0x00000000cdb00000, 0x00000000eab00000)
  object space 224256K, 99% used [0x00000000c0000000,0x00000000cd9c6d30,0x00000000cdb00000)
 Metaspace       used 79412K, committed 80832K, reserved 1179648K
  class space    used 8369K, committed 9024K, reserved 1048576K
}
Event: 70.949 GC heap before
{Heap before GC invocations=452 (full 17):
 PSYoungGen      total 15872K, used 12800K [0x00000000eab00000, 0x00000000ebe80000, 0x0000000100000000)
  eden space 12800K, 100% used [0x00000000eab00000,0x00000000eb780000,0x00000000eb780000)
  from space 3072K, 0% used [0x00000000ebb80000,0x00000000ebb80000,0x00000000ebe80000)
  to   space 3584K, 0% used [0x00000000eb780000,0x00000000eb780000,0x00000000ebb00000)
 ParOldGen       total 224256K, used 223003K [0x00000000c0000000, 0x00000000cdb00000, 0x00000000eab00000)
  object space 224256K, 99% used [0x00000000c0000000,0x00000000cd9c6d30,0x00000000cdb00000)
 Metaspace       used 79416K, committed 80832K, reserved 1179648K
  class space    used 8370K, committed 9024K, reserved 1048576K
}
Event: 71.333 GC heap after
{Heap after GC invocations=452 (full 17):
 PSYoungGen      total 16384K, used 1146K [0x00000000eab00000, 0x00000000ebf80000, 0x0000000100000000)
  eden space 12800K, 8% used [0x00000000eab00000,0x00000000eac1ea38,0x00000000eb780000)
  from space 3584K, 0% used [0x00000000eb780000,0x00000000eb780000,0x00000000ebb00000)
  to   space 3072K, 0% used [0x00000000ebb80000,0x00000000ebb80000,0x00000000ebe80000)
 ParOldGen       total 224256K, used 224237K [0x00000000c0000000, 0x00000000cdb00000, 0x00000000eab00000)
  object space 224256K, 99% used [0x00000000c0000000,0x00000000cdafb5d8,0x00000000cdb00000)
 Metaspace       used 79416K, committed 80832K, reserved 1179648K
  class space    used 8370K, committed 9024K, reserved 1048576K
}
Event: 71.433 GC heap before
{Heap before GC invocations=453 (full 18):
 PSYoungGen      total 16384K, used 12800K [0x00000000eab00000, 0x00000000ebf80000, 0x0000000100000000)
  eden space 12800K, 100% used [0x00000000eab00000,0x00000000eb780000,0x00000000eb780000)
  from space 3584K, 0% used [0x00000000eb780000,0x00000000eb780000,0x00000000ebb00000)
  to   space 3072K, 0% used [0x00000000ebb80000,0x00000000ebb80000,0x00000000ebe80000)
 ParOldGen       total 224256K, used 224237K [0x00000000c0000000, 0x00000000cdb00000, 0x00000000eab00000)
  object space 224256K, 99% used [0x00000000c0000000,0x00000000cdafb5d8,0x00000000cdb00000)
 Metaspace       used 79419K, committed 80832K, reserved 1179648K
  class space    used 8370K, committed 9024K, reserved 1048576K
}
Event: 71.784 GC heap after
{Heap after GC invocations=453 (full 18):
 PSYoungGen      total 15872K, used 3779K [0x00000000eab00000, 0x00000000ebf80000, 0x0000000100000000)
  eden space 12800K, 29% used [0x00000000eab00000,0x00000000eaeb0ff0,0x00000000eb780000)
  from space 3072K, 0% used [0x00000000ebb80000,0x00000000ebb80000,0x00000000ebe80000)
  to   space 3584K, 0% used [0x00000000eb780000,0x00000000eb780000,0x00000000ebb00000)
 ParOldGen       total 224256K, used 223964K [0x00000000c0000000, 0x00000000cdb00000, 0x00000000eab00000)
  object space 224256K, 99% used [0x00000000c0000000,0x00000000cdab7010,0x00000000cdb00000)
 Metaspace       used 79419K, committed 80832K, reserved 1179648K
  class space    used 8370K, committed 9024K, reserved 1048576K
}
Event: 71.908 GC heap before
{Heap before GC invocations=454 (full 19):
 PSYoungGen      total 15872K, used 12800K [0x00000000eab00000, 0x00000000ebf80000, 0x0000000100000000)
  eden space 12800K, 100% used [0x00000000eab00000,0x00000000eb780000,0x00000000eb780000)
  from space 3072K, 0% used [0x00000000ebb80000,0x00000000ebb80000,0x00000000ebe80000)
  to   space 3584K, 0% used [0x00000000eb780000,0x00000000eb780000,0x00000000ebb00000)
 ParOldGen       total 224256K, used 223964K [0x00000000c0000000, 0x00000000cdb00000, 0x00000000eab00000)
  object space 224256K, 99% used [0x00000000c0000000,0x00000000cdab7010,0x00000000cdb00000)
 Metaspace       used 79419K, committed 80832K, reserved 1179648K
  class space    used 8370K, committed 9024K, reserved 1048576K
}
Event: 72.264 GC heap after
{Heap after GC invocations=454 (full 19):
 PSYoungGen      total 16384K, used 5960K [0x00000000eab00000, 0x00000000ebf80000, 0x0000000100000000)
  eden space 12800K, 46% used [0x00000000eab00000,0x00000000eb0d20f0,0x00000000eb780000)
  from space 3584K, 0% used [0x00000000eb780000,0x00000000eb780000,0x00000000ebb00000)
  to   space 3072K, 0% used [0x00000000ebb80000,0x00000000ebb80000,0x00000000ebe80000)
 ParOldGen       total 224256K, used 223850K [0x00000000c0000000, 0x00000000cdb00000, 0x00000000eab00000)
  object space 224256K, 99% used [0x00000000c0000000,0x00000000cda9aae0,0x00000000cdb00000)
 Metaspace       used 79419K, committed 80832K, reserved 1179648K
  class space    used 8370K, committed 9024K, reserved 1048576K
}

