# JRE version: OpenJDK Runtime Environment Temurin-17.0.12+7 (17.0.12+7) (build 17.0.12+7)
# Java VM: OpenJDK 64-Bit Server VM Temurin-17.0.12+7 (17.0.12+7, mixed mode, tiered, compressed oops, compressed class ptrs, parallel gc, windows-amd64)
GC Precious Log:
 CPUs: 4 total, 4 available
 Memory: 6086M
 Large Page Support: Disabled
 NUMA Support: Disabled
 Compressed Oops: Enabled (32-bit)
 Alignments: Space 512K, Generation 512K, Heap 2M
 Heap Min Capacity: 100M
 Heap Initial Capacity: 100M
 Heap Max Capacity: 1G
 Pre-touch: Disabled
 Parallel Workers: 4
Heap:
 PSYoungGen      total 18432K, used 9260K [0x00000000eab00000, 0x00000000ebf80000, 0x0000000100000000)
  eden space 16896K, 48% used [0x00000000eab00000,0x00000000eb2fb368,0x00000000ebb80000)
  from space 1536K, 70% used [0x00000000ebb80000,0x00000000ebc90000,0x00000000ebd00000)
  to   space 2048K, 0% used [0x00000000ebd80000,0x00000000ebd80000,0x00000000ebf80000)
 ParOldGen       total 68608K, used 63565K [0x00000000c0000000, 0x00000000c4300000, 0x00000000eab00000)
  object space 68608K, 92% used [0x00000000c0000000,0x00000000c3e13758,0x00000000c4300000)
 Metaspace       used 66646K, committed 67904K, reserved 1114112K
  class space    used 7009K, committed 7552K, reserved 1048576K
GC Heap History (20 events):
Event: 29.842 GC heap before
{Heap before GC invocations=39 (full 3):
 PSYoungGen      total 19968K, used 19690K [0x00000000eab00000, 0x00000000ec180000, 0x0000000100000000)
  eden space 16896K, 100% used [0x00000000eab00000,0x00000000ebb80000,0x00000000ebb80000)
  from space 3072K, 90% used [0x00000000ebb80000,0x00000000ebe3aba0,0x00000000ebe80000)
  to   space 3072K, 0% used [0x00000000ebe80000,0x00000000ebe80000,0x00000000ec180000)
 ParOldGen       total 68608K, used 45443K [0x00000000c0000000, 0x00000000c4300000, 0x00000000eab00000)
  object space 68608K, 66% used [0x00000000c0000000,0x00000000c2c60f40,0x00000000c4300000)
 Metaspace       used 61714K, committed 62848K, reserved 1114112K
  class space    used 6566K, committed 7040K, reserved 1048576K
}
Event: 29.846 GC heap after
{Heap after GC invocations=39 (full 3):
 PSYoungGen      total 17920K, used 657K [0x00000000eab00000, 0x00000000ebf80000, 0x0000000100000000)
  eden space 16896K, 0% used [0x00000000eab00000,0x00000000eab00000,0x00000000ebb80000)
  from space 1024K, 64% used [0x00000000ebe80000,0x00000000ebf24678,0x00000000ebf80000)
  to   space 1536K, 0% used [0x00000000ebc80000,0x00000000ebc80000,0x00000000ebe00000)
 ParOldGen       total 68608K, used 48043K [0x00000000c0000000, 0x00000000c4300000, 0x00000000eab00000)
  object space 68608K, 70% used [0x00000000c0000000,0x00000000c2eeac38,0x00000000c4300000)
 Metaspace       used 61714K, committed 62848K, reserved 1114112K
  class space    used 6566K, committed 7040K, reserved 1048576K
}
Event: 30.332 GC heap before
{Heap before GC invocations=40 (full 3):
 PSYoungGen      total 17920K, used 17553K [0x00000000eab00000, 0x00000000ebf80000, 0x0000000100000000)
  eden space 16896K, 100% used [0x00000000eab00000,0x00000000ebb80000,0x00000000ebb80000)
  from space 1024K, 64% used [0x00000000ebe80000,0x00000000ebf24678,0x00000000ebf80000)
  to   space 1536K, 0% used [0x00000000ebc80000,0x00000000ebc80000,0x00000000ebe00000)
 ParOldGen       total 68608K, used 48043K [0x00000000c0000000, 0x00000000c4300000, 0x00000000eab00000)
  object space 68608K, 70% used [0x00000000c0000000,0x00000000c2eeac38,0x00000000c4300000)
 Metaspace       used 62842K, committed 64064K, reserved 1114112K
  class space    used 6676K, committed 7168K, reserved 1048576K
}
Event: 30.337 GC heap after
{Heap after GC invocations=40 (full 3):
 PSYoungGen      total 18432K, used 1181K [0x00000000eab00000, 0x00000000ebf00000, 0x0000000100000000)
  eden space 16896K, 0% used [0x00000000eab00000,0x00000000eab00000,0x00000000ebb80000)
  from space 1536K, 76% used [0x00000000ebc80000,0x00000000ebda75e8,0x00000000ebe00000)
  to   space 1024K, 0% used [0x00000000ebe00000,0x00000000ebe00000,0x00000000ebf00000)
 ParOldGen       total 68608K, used 48635K [0x00000000c0000000, 0x00000000c4300000, 0x00000000eab00000)
  object space 68608K, 70% used [0x00000000c0000000,0x00000000c2f7ecd0,0x00000000c4300000)
 Metaspace       used 62842K, committed 64064K, reserved 1114112K
  class space    used 6676K, committed 7168K, reserved 1048576K
}
Event: 30.823 GC heap before
{Heap before GC invocations=41 (full 3):
 PSYoungGen      total 18432K, used 18077K [0x00000000eab00000, 0x00000000ebf00000, 0x0000000100000000)
  eden space 16896K, 100% used [0x00000000eab00000,0x00000000ebb80000,0x00000000ebb80000)
  from space 1536K, 76% used [0x00000000ebc80000,0x00000000ebda75e8,0x00000000ebe00000)
  to   space 1024K, 0% used [0x00000000ebe00000,0x00000000ebe00000,0x00000000ebf00000)
 ParOldGen       total 68608K, used 48635K [0x00000000c0000000, 0x00000000c4300000, 0x00000000eab00000)
  object space 68608K, 70% used [0x00000000c0000000,0x00000000c2f7ecd0,0x00000000c4300000)
 Metaspace       used 63448K, committed 64640K, reserved 1114112K
  class space    used 6745K, committed 7232K, reserved 1048576K
}
Event: 30.829 GC heap after
{Heap after GC invocations=41 (full 3):
 PSYoungGen      total 17920K, used 1013K [0x00000000eab00000, 0x00000000ec080000, 0x0000000100000000)
  eden space 16896K, 0% used [0x00000000eab00000,0x00000000eab00000,0x00000000ebb80000)
  from space 1024K, 98% used [0x00000000ebe00000,0x00000000ebefd5b0,0x00000000ebf00000)
  to   space 2560K, 0% used [0x00000000ebb80000,0x00000000ebb80000,0x00000000ebe00000)
 ParOldGen       total 68608K, used 49910K [0x00000000c0000000, 0x00000000c4300000, 0x00000000eab00000)
  object space 68608K, 72% used [0x00000000c0000000,0x00000000c30bda80,0x00000000c4300000)
 Metaspace       used 63448K, committed 64640K, reserved 1114112K
  class space    used 6745K, committed 7232K, reserved 1048576K
}
Event: 31.544 GC heap before
{Heap before GC invocations=42 (full 3):
 PSYoungGen      total 17920K, used 17909K [0x00000000eab00000, 0x00000000ec080000, 0x0000000100000000)
  eden space 16896K, 100% used [0x00000000eab00000,0x00000000ebb80000,0x00000000ebb80000)
  from space 1024K, 98% used [0x00000000ebe00000,0x00000000ebefd5b0,0x00000000ebf00000)
  to   space 2560K, 0% used [0x00000000ebb80000,0x00000000ebb80000,0x00000000ebe00000)
 ParOldGen       total 68608K, used 49910K [0x00000000c0000000, 0x00000000c4300000, 0x00000000eab00000)
  object space 68608K, 72% used [0x00000000c0000000,0x00000000c30bda80,0x00000000c4300000)
 Metaspace       used 64322K, committed 65472K, reserved 1114112K
  class space    used 6827K, committed 7296K, reserved 1048576K
}
Event: 31.556 GC heap after
{Heap after GC invocations=42 (full 3):
 PSYoungGen      total 19456K, used 2553K [0x00000000eab00000, 0x00000000ec580000, 0x0000000100000000)
  eden space 16896K, 0% used [0x00000000eab00000,0x00000000eab00000,0x00000000ebb80000)
  from space 2560K, 99% used [0x00000000ebb80000,0x00000000ebdfe5a8,0x00000000ebe00000)
  to   space 5120K, 0% used [0x00000000ec080000,0x00000000ec080000,0x00000000ec580000)
 ParOldGen       total 68608K, used 51676K [0x00000000c0000000, 0x00000000c4300000, 0x00000000eab00000)
  object space 68608K, 75% used [0x00000000c0000000,0x00000000c3277120,0x00000000c4300000)
 Metaspace       used 64322K, committed 65472K, reserved 1114112K
  class space    used 6827K, committed 7296K, reserved 1048576K
}
Event: 32.709 GC heap before
{Heap before GC invocations=43 (full 3):
 PSYoungGen      total 19456K, used 19429K [0x00000000eab00000, 0x00000000ec580000, 0x0000000100000000)
  eden space 16896K, 99% used [0x00000000eab00000,0x00000000ebb7af68,0x00000000ebb80000)
  from space 2560K, 99% used [0x00000000ebb80000,0x00000000ebdfe5a8,0x00000000ebe00000)
  to   space 5120K, 0% used [0x00000000ec080000,0x00000000ec080000,0x00000000ec580000)
 ParOldGen       total 68608K, used 51676K [0x00000000c0000000, 0x00000000c4300000, 0x00000000eab00000)
  object space 68608K, 75% used [0x00000000c0000000,0x00000000c3277120,0x00000000c4300000)
 Metaspace       used 64942K, committed 66112K, reserved 1114112K
  class space    used 6874K, committed 7360K, reserved 1048576K
}
Event: 32.730 GC heap after
{Heap after GC invocations=43 (full 3):
 PSYoungGen      total 20992K, used 3702K [0x00000000eab00000, 0x00000000ec480000, 0x0000000100000000)
  eden space 16896K, 0% used [0x00000000eab00000,0x00000000eab00000,0x00000000ebb80000)
  from space 4096K, 90% used [0x00000000ec080000,0x00000000ec41d8e8,0x00000000ec480000)
  to   space 4096K, 0% used [0x00000000ebc80000,0x00000000ebc80000,0x00000000ec080000)
 ParOldGen       total 68608K, used 54165K [0x00000000c0000000, 0x00000000c4300000, 0x00000000eab00000)
  object space 68608K, 78% used [0x00000000c0000000,0x00000000c34e5690,0x00000000c4300000)
 Metaspace       used 64942K, committed 66112K, reserved 1114112K
  class space    used 6874K, committed 7360K, reserved 1048576K
}
Event: 33.035 GC heap before
{Heap before GC invocations=44 (full 3):
 PSYoungGen      total 20992K, used 20598K [0x00000000eab00000, 0x00000000ec480000, 0x0000000100000000)
  eden space 16896K, 100% used [0x00000000eab00000,0x00000000ebb80000,0x00000000ebb80000)
  from space 4096K, 90% used [0x00000000ec080000,0x00000000ec41d8e8,0x00000000ec480000)
  to   space 4096K, 0% used [0x00000000ebc80000,0x00000000ebc80000,0x00000000ec080000)
 ParOldGen       total 68608K, used 54165K [0x00000000c0000000, 0x00000000c4300000, 0x00000000eab00000)
  object space 68608K, 78% used [0x00000000c0000000,0x00000000c34e5690,0x00000000c4300000)
 Metaspace       used 64984K, committed 66240K, reserved 1114112K
  class space    used 6877K, committed 7360K, reserved 1048576K
}
Event: 33.048 GC heap after
{Heap after GC invocations=44 (full 3):
 PSYoungGen      total 18432K, used 1235K [0x00000000eab00000, 0x00000000ec100000, 0x0000000100000000)
  eden space 16896K, 0% used [0x00000000eab00000,0x00000000eab00000,0x00000000ebb80000)
  from space 1536K, 80% used [0x00000000ebc80000,0x00000000ebdb4c30,0x00000000ebe00000)
  to   space 2560K, 0% used [0x00000000ebe80000,0x00000000ebe80000,0x00000000ec100000)
 ParOldGen       total 68608K, used 57487K [0x00000000c0000000, 0x00000000c4300000, 0x00000000eab00000)
  object space 68608K, 83% used [0x00000000c0000000,0x00000000c3823d78,0x00000000c4300000)
 Metaspace       used 64984K, committed 66240K, reserved 1114112K
  class space    used 6877K, committed 7360K, reserved 1048576K
}
Event: 33.137 GC heap before
{Heap before GC invocations=45 (full 3):
 PSYoungGen      total 18432K, used 18131K [0x00000000eab00000, 0x00000000ec100000, 0x0000000100000000)
  eden space 16896K, 100% used [0x00000000eab00000,0x00000000ebb80000,0x00000000ebb80000)
  from space 1536K, 80% used [0x00000000ebc80000,0x00000000ebdb4c30,0x00000000ebe00000)
  to   space 2560K, 0% used [0x00000000ebe80000,0x00000000ebe80000,0x00000000ec100000)
 ParOldGen       total 68608K, used 57487K [0x00000000c0000000, 0x00000000c4300000, 0x00000000eab00000)
  object space 68608K, 83% used [0x00000000c0000000,0x00000000c3823d78,0x00000000c4300000)
 Metaspace       used 65000K, committed 66240K, reserved 1114112K
  class space    used 6879K, committed 7360K, reserved 1048576K
}
Event: 33.146 GC heap after
{Heap after GC invocations=45 (full 3):
 PSYoungGen      total 18432K, used 1325K [0x00000000eab00000, 0x00000000ec000000, 0x0000000100000000)
  eden space 16896K, 0% used [0x00000000eab00000,0x00000000eab00000,0x00000000ebb80000)
  from space 1536K, 86% used [0x00000000ebe80000,0x00000000ebfcb510,0x00000000ec000000)
  to   space 1536K, 0% used [0x00000000ebc80000,0x00000000ebc80000,0x00000000ebe00000)
 ParOldGen       total 68608K, used 58250K [0x00000000c0000000, 0x00000000c4300000, 0x00000000eab00000)
  object space 68608K, 84% used [0x00000000c0000000,0x00000000c38e29c8,0x00000000c4300000)
 Metaspace       used 65000K, committed 66240K, reserved 1114112K
  class space    used 6879K, committed 7360K, reserved 1048576K
}
Event: 33.635 GC heap before
{Heap before GC invocations=46 (full 3):
 PSYoungGen      total 18432K, used 18221K [0x00000000eab00000, 0x00000000ec000000, 0x0000000100000000)
  eden space 16896K, 100% used [0x00000000eab00000,0x00000000ebb80000,0x00000000ebb80000)
  from space 1536K, 86% used [0x00000000ebe80000,0x00000000ebfcb510,0x00000000ec000000)
  to   space 1536K, 0% used [0x00000000ebc80000,0x00000000ebc80000,0x00000000ebe00000)
 ParOldGen       total 68608K, used 58250K [0x00000000c0000000, 0x00000000c4300000, 0x00000000eab00000)
  object space 68608K, 84% used [0x00000000c0000000,0x00000000c38e29c8,0x00000000c4300000)
 Metaspace       used 65383K, committed 66560K, reserved 1114112K
  class space    used 6915K, committed 7360K, reserved 1048576K
}
Event: 33.640 GC heap after
{Heap after GC invocations=46 (full 3):
 PSYoungGen      total 18432K, used 1520K [0x00000000eab00000, 0x00000000ec280000, 0x0000000100000000)
  eden space 16896K, 0% used [0x00000000eab00000,0x00000000eab00000,0x00000000ebb80000)
  from space 1536K, 98% used [0x00000000ebc80000,0x00000000ebdfc178,0x00000000ebe00000)
  to   space 3584K, 0% used [0x00000000ebf00000,0x00000000ebf00000,0x00000000ec280000)
 ParOldGen       total 68608K, used 59623K [0x00000000c0000000, 0x00000000c4300000, 0x00000000eab00000)
  object space 68608K, 86% used [0x00000000c0000000,0x00000000c3a39ed8,0x00000000c4300000)
 Metaspace       used 65383K, committed 66560K, reserved 1114112K
  class space    used 6915K, committed 7360K, reserved 1048576K
}
Event: 34.075 GC heap before
{Heap before GC invocations=47 (full 3):
 PSYoungGen      total 18432K, used 18416K [0x00000000eab00000, 0x00000000ec280000, 0x0000000100000000)
  eden space 16896K, 99% used [0x00000000eab00000,0x00000000ebb7fff8,0x00000000ebb80000)
  from space 1536K, 98% used [0x00000000ebc80000,0x00000000ebdfc178,0x00000000ebe00000)
  to   space 3584K, 0% used [0x00000000ebf00000,0x00000000ebf00000,0x00000000ec280000)
 ParOldGen       total 68608K, used 59623K [0x00000000c0000000, 0x00000000c4300000, 0x00000000eab00000)
  object space 68608K, 86% used [0x00000000c0000000,0x00000000c3a39ed8,0x00000000c4300000)
 Metaspace       used 65953K, committed 67136K, reserved 1114112K
  class space    used 6949K, committed 7424K, reserved 1048576K
}
Event: 34.084 GC heap after
{Heap after GC invocations=47 (full 3):
 PSYoungGen      total 20480K, used 3005K [0x00000000eab00000, 0x00000000ec280000, 0x0000000100000000)
  eden space 16896K, 0% used [0x00000000eab00000,0x00000000eab00000,0x00000000ebb80000)
  from space 3584K, 83% used [0x00000000ebf00000,0x00000000ec1ef608,0x00000000ec280000)
  to   space 3584K, 0% used [0x00000000ebb80000,0x00000000ebb80000,0x00000000ebf00000)
 ParOldGen       total 68608K, used 61114K [0x00000000c0000000, 0x00000000c4300000, 0x00000000eab00000)
  object space 68608K, 89% used [0x00000000c0000000,0x00000000c3baeb28,0x00000000c4300000)
 Metaspace       used 65953K, committed 67136K, reserved 1114112K
  class space    used 6949K, committed 7424K, reserved 1048576K
}
Event: 34.427 GC heap before
{Heap before GC invocations=48 (full 3):
 PSYoungGen      total 20480K, used 19901K [0x00000000eab00000, 0x00000000ec280000, 0x0000000100000000)
  eden space 16896K, 99% used [0x00000000eab00000,0x00000000ebb7fff8,0x00000000ebb80000)
  from space 3584K, 83% used [0x00000000ebf00000,0x00000000ec1ef608,0x00000000ec280000)
  to   space 3584K, 0% used [0x00000000ebb80000,0x00000000ebb80000,0x00000000ebf00000)
 ParOldGen       total 68608K, used 61114K [0x00000000c0000000, 0x00000000c4300000, 0x00000000eab00000)
  object space 68608K, 89% used [0x00000000c0000000,0x00000000c3baeb28,0x00000000c4300000)
 Metaspace       used 66387K, committed 67584K, reserved 1114112K
  class space    used 6991K, committed 7488K, reserved 1048576K
}
Event: 34.436 GC heap after
{Heap after GC invocations=48 (full 3):
 PSYoungGen      total 18432K, used 1088K [0x00000000eab00000, 0x00000000ebf80000, 0x0000000100000000)
  eden space 16896K, 0% used [0x00000000eab00000,0x00000000eab00000,0x00000000ebb80000)
  from space 1536K, 70% used [0x00000000ebb80000,0x00000000ebc90000,0x00000000ebd00000)
  to   space 2048K, 0% used [0x00000000ebd80000,0x00000000ebd80000,0x00000000ebf80000)
 ParOldGen       total 68608K, used 63565K [0x00000000c0000000, 0x00000000c4300000, 0x00000000eab00000)
  object space 68608K, 92% used [0x00000000c0000000,0x00000000c3e13758,0x00000000c4300000)
 Metaspace       used 66387K, committed 67584K, reserved 1114112K
  class space    used 6991K, committed 7488K, reserved 1048576K
}

