# JRE version: OpenJDK Runtime Environment Temurin-17.0.12+7 (17.0.12+7) (build 17.0.12+7)
# Java VM: OpenJDK 64-Bit Server VM Temurin-17.0.12+7 (17.0.12+7, mixed mode, tiered, compressed oops, compressed class ptrs, parallel gc, windows-amd64)
GC Precious Log:
 CPUs: 4 total, 4 available
 Memory: 6086M
 Large Page Support: Disabled
 NUMA Support: Disabled
 Compressed Oops: Enabled (32-bit)
 Alignments: Space 512K, Generation 512K, Heap 2M
 Heap Min Capacity: 100M
 Heap Initial Capacity: 100M
 Heap Max Capacity: 1G
 Pre-touch: Disabled
 Parallel Workers: 4
Heap:
 PSYoungGen      total 32768K, used 31290K [0x00000000eab00000, 0x00000000ee480000, 0x0000000100000000)
  eden space 23040K, 93% used [0x00000000eab00000,0x00000000ec00fb20,0x00000000ec180000)
  from space 9728K, 99% used [0x00000000ec180000,0x00000000ecafed58,0x00000000ecb00000)
  to   space 16896K, 0% used [0x00000000ed400000,0x00000000ed400000,0x00000000ee480000)
 ParOldGen       total 309760K, used 289847K [0x00000000c0000000, 0x00000000d2e80000, 0x00000000eab00000)
  object space 309760K, 93% used [0x00000000c0000000,0x00000000d1b0dd58,0x00000000d2e80000)
 Metaspace       used 72222K, committed 73472K, reserved 1114112K
  class space    used 7611K, committed 8192K, reserved 1048576K
GC Heap History (20 events):
Event: 79.043 GC heap before
{Heap before GC invocations=344 (full 14):
 PSYoungGen      total 18944K, used 18682K [0x00000000eab00000, 0x00000000ec600000, 0x0000000100000000)
  eden space 13312K, 100% used [0x00000000eab00000,0x00000000eb800000,0x00000000eb800000)
  from space 5632K, 95% used [0x00000000ec080000,0x00000000ec5be898,0x00000000ec600000)
  to   space 6656K, 0% used [0x00000000eb900000,0x00000000eb900000,0x00000000ebf80000)
 ParOldGen       total 275968K, used 260242K [0x00000000c0000000, 0x00000000d0d80000, 0x00000000eab00000)
  object space 275968K, 94% used [0x00000000c0000000,0x00000000cfe24b18,0x00000000d0d80000)
 Metaspace       used 72222K, committed 73472K, reserved 1114112K
  class space    used 7611K, committed 8192K, reserved 1048576K
}
Event: 79.058 GC heap after
{Heap after GC invocations=344 (full 14):
 PSYoungGen      total 20992K, used 6645K [0x00000000eab00000, 0x00000000eca80000, 0x0000000100000000)
  eden space 14336K, 0% used [0x00000000eab00000,0x00000000eab00000,0x00000000eb900000)
  from space 6656K, 99% used [0x00000000eb900000,0x00000000ebf7d700,0x00000000ebf80000)
  to   space 8704K, 0% used [0x00000000ec200000,0x00000000ec200000,0x00000000eca80000)
 ParOldGen       total 275968K, used 261735K [0x00000000c0000000, 0x00000000d0d80000, 0x00000000eab00000)
  object space 275968K, 94% used [0x00000000c0000000,0x00000000cff99e98,0x00000000d0d80000)
 Metaspace       used 72222K, committed 73472K, reserved 1114112K
  class space    used 7611K, committed 8192K, reserved 1048576K
}
Event: 79.148 GC heap before
{Heap before GC invocations=345 (full 14):
 PSYoungGen      total 20992K, used 20981K [0x00000000eab00000, 0x00000000eca80000, 0x0000000100000000)
  eden space 14336K, 100% used [0x00000000eab00000,0x00000000eb900000,0x00000000eb900000)
  from space 6656K, 99% used [0x00000000eb900000,0x00000000ebf7d700,0x00000000ebf80000)
  to   space 8704K, 0% used [0x00000000ec200000,0x00000000ec200000,0x00000000eca80000)
 ParOldGen       total 275968K, used 261735K [0x00000000c0000000, 0x00000000d0d80000, 0x00000000eab00000)
  object space 275968K, 94% used [0x00000000c0000000,0x00000000cff99e98,0x00000000d0d80000)
 Metaspace       used 72222K, committed 73472K, reserved 1114112K
  class space    used 7611K, committed 8192K, reserved 1048576K
}
Event: 79.161 GC heap after
{Heap after GC invocations=345 (full 14):
 PSYoungGen      total 21504K, used 5437K [0x00000000eab00000, 0x00000000ec780000, 0x0000000100000000)
  eden space 15872K, 0% used [0x00000000eab00000,0x00000000eab00000,0x00000000eba80000)
  from space 5632K, 96% used [0x00000000ec200000,0x00000000ec74f4e0,0x00000000ec780000)
  to   space 6656K, 0% used [0x00000000eba80000,0x00000000eba80000,0x00000000ec100000)
 ParOldGen       total 275968K, used 265863K [0x00000000c0000000, 0x00000000d0d80000, 0x00000000eab00000)
  object space 275968K, 96% used [0x00000000c0000000,0x00000000d03a1e68,0x00000000d0d80000)
 Metaspace       used 72222K, committed 73472K, reserved 1114112K
  class space    used 7611K, committed 8192K, reserved 1048576K
}
Event: 79.273 GC heap before
{Heap before GC invocations=346 (full 14):
 PSYoungGen      total 21504K, used 21309K [0x00000000eab00000, 0x00000000ec780000, 0x0000000100000000)
  eden space 15872K, 100% used [0x00000000eab00000,0x00000000eba80000,0x00000000eba80000)
  from space 5632K, 96% used [0x00000000ec200000,0x00000000ec74f4e0,0x00000000ec780000)
  to   space 6656K, 0% used [0x00000000eba80000,0x00000000eba80000,0x00000000ec100000)
 ParOldGen       total 275968K, used 265863K [0x00000000c0000000, 0x00000000d0d80000, 0x00000000eab00000)
  object space 275968K, 96% used [0x00000000c0000000,0x00000000d03a1e68,0x00000000d0d80000)
 Metaspace       used 72222K, committed 73472K, reserved 1114112K
  class space    used 7611K, committed 8192K, reserved 1048576K
}
Event: 79.286 GC heap after
{Heap after GC invocations=346 (full 14):
 PSYoungGen      total 22528K, used 6643K [0x00000000eab00000, 0x00000000ecf00000, 0x0000000100000000)
  eden space 15872K, 0% used [0x00000000eab00000,0x00000000eab00000,0x00000000eba80000)
  from space 6656K, 99% used [0x00000000eba80000,0x00000000ec0fccc0,0x00000000ec100000)
  to   space 9728K, 0% used [0x00000000ec580000,0x00000000ec580000,0x00000000ecf00000)
 ParOldGen       total 275968K, used 267975K [0x00000000c0000000, 0x00000000d0d80000, 0x00000000eab00000)
  object space 275968K, 97% used [0x00000000c0000000,0x00000000d05b1c28,0x00000000d0d80000)
 Metaspace       used 72222K, committed 73472K, reserved 1114112K
  class space    used 7611K, committed 8192K, reserved 1048576K
}
Event: 79.433 GC heap before
{Heap before GC invocations=347 (full 14):
 PSYoungGen      total 22528K, used 22515K [0x00000000eab00000, 0x00000000ecf00000, 0x0000000100000000)
  eden space 15872K, 100% used [0x00000000eab00000,0x00000000eba80000,0x00000000eba80000)
  from space 6656K, 99% used [0x00000000eba80000,0x00000000ec0fccc0,0x00000000ec100000)
  to   space 9728K, 0% used [0x00000000ec580000,0x00000000ec580000,0x00000000ecf00000)
 ParOldGen       total 275968K, used 267975K [0x00000000c0000000, 0x00000000d0d80000, 0x00000000eab00000)
  object space 275968K, 97% used [0x00000000c0000000,0x00000000d05b1c28,0x00000000d0d80000)
 Metaspace       used 72222K, committed 73472K, reserved 1114112K
  class space    used 7611K, committed 8192K, reserved 1048576K
}
Event: 79.452 GC heap after
{Heap after GC invocations=347 (full 14):
 PSYoungGen      total 24576K, used 6607K [0x00000000eab00000, 0x00000000ecc00000, 0x0000000100000000)
  eden space 17920K, 0% used [0x00000000eab00000,0x00000000eab00000,0x00000000ebc80000)
  from space 6656K, 99% used [0x00000000ec580000,0x00000000ecbf3f10,0x00000000ecc00000)
  to   space 7680K, 0% used [0x00000000ebd00000,0x00000000ebd00000,0x00000000ec480000)
 ParOldGen       total 275968K, used 271660K [0x00000000c0000000, 0x00000000d0d80000, 0x00000000eab00000)
  object space 275968K, 98% used [0x00000000c0000000,0x00000000d094b2c8,0x00000000d0d80000)
 Metaspace       used 72222K, committed 73472K, reserved 1114112K
  class space    used 7611K, committed 8192K, reserved 1048576K
}
Event: 79.683 GC heap before
{Heap before GC invocations=348 (full 14):
 PSYoungGen      total 24576K, used 24527K [0x00000000eab00000, 0x00000000ecc00000, 0x0000000100000000)
  eden space 17920K, 100% used [0x00000000eab00000,0x00000000ebc80000,0x00000000ebc80000)
  from space 6656K, 99% used [0x00000000ec580000,0x00000000ecbf3f10,0x00000000ecc00000)
  to   space 7680K, 0% used [0x00000000ebd00000,0x00000000ebd00000,0x00000000ec480000)
 ParOldGen       total 275968K, used 271660K [0x00000000c0000000, 0x00000000d0d80000, 0x00000000eab00000)
  object space 275968K, 98% used [0x00000000c0000000,0x00000000d094b2c8,0x00000000d0d80000)
 Metaspace       used 72222K, committed 73472K, reserved 1114112K
  class space    used 7611K, committed 8192K, reserved 1048576K
}
Event: 79.699 GC heap after
{Heap after GC invocations=348 (full 14):
 PSYoungGen      total 26112K, used 7662K [0x00000000eab00000, 0x00000000ed400000, 0x0000000100000000)
  eden space 18432K, 0% used [0x00000000eab00000,0x00000000eab00000,0x00000000ebd00000)
  from space 7680K, 99% used [0x00000000ebd00000,0x00000000ec47bbf0,0x00000000ec480000)
  to   space 11264K, 0% used [0x00000000ec900000,0x00000000ec900000,0x00000000ed400000)
 ParOldGen       total 275968K, used 274407K [0x00000000c0000000, 0x00000000d0d80000, 0x00000000eab00000)
  object space 275968K, 99% used [0x00000000c0000000,0x00000000d0bf9f88,0x00000000d0d80000)
 Metaspace       used 72222K, committed 73472K, reserved 1114112K
  class space    used 7611K, committed 8192K, reserved 1048576K
}
Event: 79.699 GC heap before
{Heap before GC invocations=349 (full 15):
 PSYoungGen      total 26112K, used 7662K [0x00000000eab00000, 0x00000000ed400000, 0x0000000100000000)
  eden space 18432K, 0% used [0x00000000eab00000,0x00000000eab00000,0x00000000ebd00000)
  from space 7680K, 99% used [0x00000000ebd00000,0x00000000ec47bbf0,0x00000000ec480000)
  to   space 11264K, 0% used [0x00000000ec900000,0x00000000ec900000,0x00000000ed400000)
 ParOldGen       total 275968K, used 274407K [0x00000000c0000000, 0x00000000d0d80000, 0x00000000eab00000)
  object space 275968K, 99% used [0x00000000c0000000,0x00000000d0bf9f88,0x00000000d0d80000)
 Metaspace       used 72222K, committed 73472K, reserved 1114112K
  class space    used 7611K, committed 8192K, reserved 1048576K
}
Event: 80.262 GC heap after
{Heap after GC invocations=349 (full 15):
 PSYoungGen      total 26112K, used 3481K [0x00000000eab00000, 0x00000000ed480000, 0x0000000100000000)
  eden space 18432K, 0% used [0x00000000eab00000,0x00000000eab00000,0x00000000ebd00000)
  from space 7680K, 45% used [0x00000000ebd00000,0x00000000ec0666d0,0x00000000ec480000)
  to   space 11264K, 0% used [0x00000000ec980000,0x00000000ec980000,0x00000000ed480000)
 ParOldGen       total 309760K, used 275573K [0x00000000c0000000, 0x00000000d2e80000, 0x00000000eab00000)
  object space 309760K, 88% used [0x00000000c0000000,0x00000000d0d1d490,0x00000000d2e80000)
 Metaspace       used 72222K, committed 73472K, reserved 1114112K
  class space    used 7611K, committed 8192K, reserved 1048576K
}
Event: 80.505 GC heap before
{Heap before GC invocations=350 (full 15):
 PSYoungGen      total 26112K, used 21913K [0x00000000eab00000, 0x00000000ed480000, 0x0000000100000000)
  eden space 18432K, 100% used [0x00000000eab00000,0x00000000ebd00000,0x00000000ebd00000)
  from space 7680K, 45% used [0x00000000ebd00000,0x00000000ec0666d0,0x00000000ec480000)
  to   space 11264K, 0% used [0x00000000ec980000,0x00000000ec980000,0x00000000ed480000)
 ParOldGen       total 309760K, used 275573K [0x00000000c0000000, 0x00000000d2e80000, 0x00000000eab00000)
  object space 309760K, 88% used [0x00000000c0000000,0x00000000d0d1d490,0x00000000d2e80000)
 Metaspace       used 72222K, committed 73472K, reserved 1114112K
  class space    used 7611K, committed 8192K, reserved 1048576K
}
Event: 80.576 GC heap after
{Heap after GC invocations=350 (full 15):
 PSYoungGen      total 26112K, used 5670K [0x00000000eab00000, 0x00000000ecf80000, 0x0000000100000000)
  eden space 19968K, 0% used [0x00000000eab00000,0x00000000eab00000,0x00000000ebe80000)
  from space 6144K, 92% used [0x00000000ec980000,0x00000000ecf098a8,0x00000000ecf80000)
  to   space 7680K, 0% used [0x00000000ec080000,0x00000000ec080000,0x00000000ec800000)
 ParOldGen       total 309760K, used 277631K [0x00000000c0000000, 0x00000000d2e80000, 0x00000000eab00000)
  object space 309760K, 89% used [0x00000000c0000000,0x00000000d0f1fe40,0x00000000d2e80000)
 Metaspace       used 72222K, committed 73472K, reserved 1114112K
  class space    used 7611K, committed 8192K, reserved 1048576K
}
Event: 80.916 GC heap before
{Heap before GC invocations=351 (full 15):
 PSYoungGen      total 26112K, used 25638K [0x00000000eab00000, 0x00000000ecf80000, 0x0000000100000000)
  eden space 19968K, 100% used [0x00000000eab00000,0x00000000ebe80000,0x00000000ebe80000)
  from space 6144K, 92% used [0x00000000ec980000,0x00000000ecf098a8,0x00000000ecf80000)
  to   space 7680K, 0% used [0x00000000ec080000,0x00000000ec080000,0x00000000ec800000)
 ParOldGen       total 309760K, used 277631K [0x00000000c0000000, 0x00000000d2e80000, 0x00000000eab00000)
  object space 309760K, 89% used [0x00000000c0000000,0x00000000d0f1fe40,0x00000000d2e80000)
 Metaspace       used 72222K, committed 73472K, reserved 1114112K
  class space    used 7611K, committed 8192K, reserved 1048576K
}
Event: 80.930 GC heap after
{Heap after GC invocations=351 (full 15):
 PSYoungGen      total 29184K, used 7669K [0x00000000eab00000, 0x00000000ed600000, 0x0000000100000000)
  eden space 21504K, 0% used [0x00000000eab00000,0x00000000eab00000,0x00000000ec000000)
  from space 7680K, 99% used [0x00000000ec080000,0x00000000ec7fd438,0x00000000ec800000)
  to   space 11264K, 0% used [0x00000000ecb00000,0x00000000ecb00000,0x00000000ed600000)
 ParOldGen       total 309760K, used 280001K [0x00000000c0000000, 0x00000000d2e80000, 0x00000000eab00000)
  object space 309760K, 90% used [0x00000000c0000000,0x00000000d1170758,0x00000000d2e80000)
 Metaspace       used 72222K, committed 73472K, reserved 1114112K
  class space    used 7611K, committed 8192K, reserved 1048576K
}
Event: 81.302 GC heap before
{Heap before GC invocations=352 (full 15):
 PSYoungGen      total 29184K, used 29173K [0x00000000eab00000, 0x00000000ed600000, 0x0000000100000000)
  eden space 21504K, 100% used [0x00000000eab00000,0x00000000ec000000,0x00000000ec000000)
  from space 7680K, 99% used [0x00000000ec080000,0x00000000ec7fd438,0x00000000ec800000)
  to   space 11264K, 0% used [0x00000000ecb00000,0x00000000ecb00000,0x00000000ed600000)
 ParOldGen       total 309760K, used 280001K [0x00000000c0000000, 0x00000000d2e80000, 0x00000000eab00000)
  object space 309760K, 90% used [0x00000000c0000000,0x00000000d1170758,0x00000000d2e80000)
 Metaspace       used 72222K, committed 73472K, reserved 1114112K
  class space    used 7611K, committed 8192K, reserved 1048576K
}
Event: 81.379 GC heap after
{Heap after GC invocations=352 (full 15):
 PSYoungGen      total 33280K, used 9382K [0x00000000eab00000, 0x00000000ed500000, 0x0000000100000000)
  eden space 23040K, 0% used [0x00000000eab00000,0x00000000eab00000,0x00000000ec180000)
  from space 10240K, 91% used [0x00000000ecb00000,0x00000000ed4298b8,0x00000000ed500000)
  to   space 9728K, 0% used [0x00000000ec180000,0x00000000ec180000,0x00000000ecb00000)
 ParOldGen       total 309760K, used 283945K [0x00000000c0000000, 0x00000000d2e80000, 0x00000000eab00000)
  object space 309760K, 91% used [0x00000000c0000000,0x00000000d154a550,0x00000000d2e80000)
 Metaspace       used 72222K, committed 73472K, reserved 1114112K
  class space    used 7611K, committed 8192K, reserved 1048576K
}
Event: 81.716 GC heap before
{Heap before GC invocations=353 (full 15):
 PSYoungGen      total 33280K, used 32422K [0x00000000eab00000, 0x00000000ed500000, 0x0000000100000000)
  eden space 23040K, 100% used [0x00000000eab00000,0x00000000ec180000,0x00000000ec180000)
  from space 10240K, 91% used [0x00000000ecb00000,0x00000000ed4298b8,0x00000000ed500000)
  to   space 9728K, 0% used [0x00000000ec180000,0x00000000ec180000,0x00000000ecb00000)
 ParOldGen       total 309760K, used 283945K [0x00000000c0000000, 0x00000000d2e80000, 0x00000000eab00000)
  object space 309760K, 91% used [0x00000000c0000000,0x00000000d154a550,0x00000000d2e80000)
 Metaspace       used 72222K, committed 73472K, reserved 1114112K
  class space    used 7611K, committed 8192K, reserved 1048576K
}
Event: 81.739 GC heap after
{Heap after GC invocations=353 (full 15):
 PSYoungGen      total 32768K, used 9723K [0x00000000eab00000, 0x00000000ee480000, 0x0000000100000000)
  eden space 23040K, 0% used [0x00000000eab00000,0x00000000eab00000,0x00000000ec180000)
  from space 9728K, 99% used [0x00000000ec180000,0x00000000ecafed58,0x00000000ecb00000)
  to   space 16896K, 0% used [0x00000000ed400000,0x00000000ed400000,0x00000000ee480000)
 ParOldGen       total 309760K, used 289847K [0x00000000c0000000, 0x00000000d2e80000, 0x00000000eab00000)
  object space 309760K, 93% used [0x00000000c0000000,0x00000000d1b0dd58,0x00000000d2e80000)
 Metaspace       used 72222K, committed 73472K, reserved 1114112K
  class space    used 7611K, committed 8192K, reserved 1048576K
}

